<?xml version="1.0" encoding="UTF-8"?>
<!-- Generated by org.testng.reporters.JUnitXMLReporter -->
<testsuite ignored="0" hostname="LTIN180840" failures="1" tests="8" name="chromeTest" time="77.042" errors="0" timestamp="2024-03-14T20:13:43 IST">
  <testcase classname="testCases.AroundCognizant" name="verifyAccount" time="17.034"/>
  <testcase classname="testCases.AroundCognizant" name="verifyAroundCognizant" time="0.055"/>
  <testcase classname="testCases.AroundCognizant" name="verifyNewsinHomePage" time="1.654"/>
  <testcase classname="testCases.AroundCognizant" name="verifySeeAllBtn" time="0.045"/>
  <testcase classname="testCases.AroundCognizant" name="clickSeeAllBtn" time="0.147"/>
  <testcase classname="testCases.AroundCognizant" name="checkHeadingVisibility" time="5.39"/>
  <testcase classname="testCases.AroundCognizant" name="verifyNewsInNewsPage" time="6.006">
    <failure type="java.lang.AssertionError" message="The following asserts failed:
	newsFull of index 1is not matching expected [Cognizant named as Major League Cricket title partner] but found [Will Gen AI help or hinder women in the workplace]">
      <![CDATA[java.lang.AssertionError: The following asserts failed:
newsFull of index 1is not matching expected [Cognizant named as Major League Cricket title partner] but found [Will Gen AI help or hinder women in the workplace]
at testCases.AroundCognizant.verifyNewsInNewsPage(AroundCognizant.java:178)
at java.base/java.util.ArrayList.forEach(ArrayList.java:1511)
... Removed 29 stack frames]]>
    </failure>
  </testcase> <!-- verifyNewsInNewsPage -->
  <testcase classname="testCases.AroundCognizant" name="verifyfullNews" time="23.518"/>
</testsuite> <!-- chromeTest -->
