<?xml version="1.0" encoding="UTF-8"?>
<!-- Generated by org.testng.reporters.JUnitXMLReporter -->
<testsuite ignored="0" hostname="LTIN180840" failures="1" tests="8" name="Test" time="164.429" errors="0" timestamp="2024-03-12T11:59:44 IST">
  <testcase classname="testCases.AroundCognizant" name="verifyAccount" time="4.691"/>
  <testcase classname="testCases.AroundCognizant" name="verifyAroundCognizant" time="0.086"/>
  <testcase classname="testCases.AroundCognizant" name="verifyNewsinHomePage" time="1.698"/>
  <testcase classname="testCases.AroundCognizant" name="verifySeeAllBtn" time="0.049"/>
  <testcase classname="testCases.AroundCognizant" name="clickSeeAllBtn" time="0.244"/>
  <testcase classname="testCases.AroundCognizant" name="checkHeadingVisibility" time="7.467"/>
  <testcase classname="testCases.AroundCognizant" name="verifyNewsInNewsPage" time="7.605">
    <failure type="java.lang.AssertionError" message="newsFull of index 1is not matching expected [Cognizant launches an Advanced Artificial Intelligence Lab] but found [Cognizant elevates Iris Global to Excellence in Technological Innovation and Social Transformation using Pega]">
      <![CDATA[java.lang.AssertionError: newsFull of index 1is not matching expected [Cognizant launches an Advanced Artificial Intelligence Lab] but found [Cognizant elevates Iris Global to Excellence in Technological Innovation and Social Transformation using Pega]
at testCases.AroundCognizant.verifyNewsInNewsPage(AroundCognizant.java:139)
at java.base/java.util.ArrayList.forEach(ArrayList.java:1511)
... Removed 32 stack frames]]>
    </failure>
  </testcase> <!-- verifyNewsInNewsPage -->
  <testcase classname="testCases.AroundCognizant" name="verifyfullNews" time="27.995"/>
</testsuite> <!-- Test -->
